d:\visualstudio\projects\forever-password-manager\forever-password-manager\x64\debug\vc143.pdb
d:\visualstudio\projects\forever-password-manager\forever-password-manager\x64\debug\vc143.idb
d:\visualstudio\projects\forever-password-manager\forever-password-manager\x64\debug\source.obj
d:\visualstudio\projects\forever-password-manager\x64\debug\forever-password-manager.pdb
d:\visualstudio\projects\forever-password-manager\forever-password-manager\x64\debug\forever-.4db0873d.tlog\cl.command.1.tlog
d:\visualstudio\projects\forever-password-manager\forever-password-manager\x64\debug\forever-.4db0873d.tlog\cl.read.1.tlog
d:\visualstudio\projects\forever-password-manager\forever-password-manager\x64\debug\forever-.4db0873d.tlog\cl.write.1.tlog
d:\visualstudio\projects\forever-password-manager\forever-password-manager\x64\debug\forever-.4db0873d.tlog\link-cvtres.read.1.tlog
d:\visualstudio\projects\forever-password-manager\forever-password-manager\x64\debug\forever-.4db0873d.tlog\link-cvtres.write.1.tlog
d:\visualstudio\projects\forever-password-manager\forever-password-manager\x64\debug\forever-.4db0873d.tlog\link-rc.read.1.tlog
d:\visualstudio\projects\forever-password-manager\forever-password-manager\x64\debug\forever-.4db0873d.tlog\link-rc.write.1.tlog
d:\visualstudio\projects\forever-password-manager\forever-password-manager\x64\debug\forever-.4db0873d.tlog\link.41256-cvtres.read.1.tlog
d:\visualstudio\projects\forever-password-manager\forever-password-manager\x64\debug\forever-.4db0873d.tlog\link.41256-cvtres.write.1.tlog
d:\visualstudio\projects\forever-password-manager\forever-password-manager\x64\debug\forever-.4db0873d.tlog\link.41256-rc.read.1.tlog
d:\visualstudio\projects\forever-password-manager\forever-password-manager\x64\debug\forever-.4db0873d.tlog\link.41256-rc.write.1.tlog
d:\visualstudio\projects\forever-password-manager\forever-password-manager\x64\debug\forever-.4db0873d.tlog\link.41256.read.1.tlog
d:\visualstudio\projects\forever-password-manager\forever-password-manager\x64\debug\forever-.4db0873d.tlog\link.41256.read.2.tlog
d:\visualstudio\projects\forever-password-manager\forever-password-manager\x64\debug\forever-.4db0873d.tlog\link.41256.write.1.tlog
d:\visualstudio\projects\forever-password-manager\forever-password-manager\x64\debug\forever-.4db0873d.tlog\link.command.1.tlog
d:\visualstudio\projects\forever-password-manager\forever-password-manager\x64\debug\forever-.4db0873d.tlog\link.read.1.tlog
d:\visualstudio\projects\forever-password-manager\forever-password-manager\x64\debug\forever-.4db0873d.tlog\link.read.2.tlog
d:\visualstudio\projects\forever-password-manager\forever-password-manager\x64\debug\forever-.4db0873d.tlog\link.write.1.tlog
